<!DOCTYPE html PUBLIC "-//W3C//DTD XHTML 1.1//EN" "https://www.w3.org/TR/xhtml11/DTD/xhtml11.dtd">
<html xmlns="https://www.w3.org/1999/xhtml">
<head>
<meta http-equiv="content-type" content="text/html; charset=UTF-8"/>
<title>TestNG Report</title>
<style type="text/css">table {margin-bottom:10px;border-collapse:collapse;empty-cells:show}th,td {border:1px solid #009;padding:.25em .5em}th {vertical-align:bottom}td {vertical-align:top}table a {font-weight:bold}.stripe td {background-color: #E6EBF9}.num {text-align:right}.passedodd td {background-color: #3F3}.passedeven td {background-color: #0A0}.skippedodd td {background-color: #DDD}.skippedeven td {background-color: #CCC}.failedodd td,.attn {background-color: #F33}.failedeven td,.stripe .attn {background-color: #D00}.stacktrace {white-space:pre;font-family:monospace}.totop {font-size:85%;text-align:center;border-bottom:2px solid #000}.invisible {display:none}</style>
</head>
<body>
<table>
<tr><th>Test</th><th># Passed</th><th># Skipped</th><th># Retried</th><th># Failed</th><th>Time (ms)</th><th>Included Groups</th><th>Excluded Groups</th></tr>
<tr><th colspan="8">ParallelExecution</th></tr>
<tr><td><a href="#t0">HomeFunctionality</a></td><td class="num">2</td><td class="num">0</td><td class="num">0</td><td class="num">0</td><td class="num">12,416</td><td></td><td></td></tr>
<tr class="stripe"><td><a href="#t1">SubCategoryFunctions</a></td><td class="num">3</td><td class="num">0</td><td class="num">0</td><td class="num attn">1</td><td class="num">48,636</td><td></td><td></td></tr>
<tr><td><a href="#t2">loginDetails</a></td><td class="num">4</td><td class="num">0</td><td class="num">0</td><td class="num attn">1</td><td class="num">64,554</td><td></td><td></td></tr>
<tr><th>Total</th><th class="num">9</th><th class="num">0</th><th class="num">0</th><th class="num attn">2</th><th class="num">125,606</th><th colspan="2"></th></tr>
</table>
<table id='summary'><thead><tr><th>Class</th><th>Method</th><th>Start</th><th>Time (ms)</th></tr></thead><tbody><tr><th colspan="4">ParallelExecution</th></tr></tbody><tbody id="t0"><tr><th colspan="4">HomeFunctionality &#8212; passed</th></tr><tr class="passedeven"><td rowspan="2">com.sevenrmartsupermarket.tests.HomeTest</td><td><a href="#m0">verifyColorManageGift</a></td><td rowspan="1">1727060602396</td><td rowspan="1">1274</td></tr><tr class="passedeven"><td><a href="#m1">verifyProfilePicture</a></td><td rowspan="1">1727060606871</td><td rowspan="1">1271</td></tr></tbody>
<tbody id="t1"><tr><th colspan="4">SubCategoryFunctions &#8212; failed</th></tr><tr class="failedeven"><td rowspan="1">com.sevenrmartsupermarket.tests.SubCategoryTest</td><td><a href="#m2">verifyNewSubCategory</a></td><td rowspan="1">1727060611951</td><td rowspan="1">24728</td></tr><tr><th colspan="4">SubCategoryFunctions &#8212; passed</th></tr><tr class="passedeven"><td rowspan="3">com.sevenrmartsupermarket.tests.SubCategoryTest</td><td><a href="#m3">verifyAllSubCategorynames</a></td><td rowspan="1">1727060602082</td><td rowspan="1">2540</td></tr><tr class="passedeven"><td><a href="#m4">verifyNewCategoryAddition</a></td><td rowspan="1">1727060608063</td><td rowspan="1">1464</td></tr><tr class="passedeven"><td><a href="#m5">verifySubCategoryHeader</a></td><td rowspan="1">1727060642066</td><td rowspan="1">2300</td></tr></tbody>
<tbody id="t2"><tr><th colspan="4">loginDetails &#8212; failed</th></tr><tr class="failedeven"><td rowspan="1">com.sevenrmartsupermarket.tests.LoginTest</td><td><a href="#m6">verifyLogin</a></td><td rowspan="1">1727060601883</td><td rowspan="1">21460</td></tr><tr><th colspan="4">loginDetails &#8212; passed</th></tr><tr class="passedeven"><td rowspan="4">com.sevenrmartsupermarket.tests.LoginTest</td><td><a href="#m7">verifyLoginDataProvider</a></td><td rowspan="4">1727060658770</td><td rowspan="4">1515</td></tr><tr class="passedeven"><td><a href="#m8">verifyLoginDataProvider</a></td></tr><tr class="passedeven"><td><a href="#m9">verifyLoginDataProvider</a></td></tr><tr class="passedeven"><td><a href="#m10">verifyLoginDataProvider</a></td></tr></tbody>
</table>
<h2>HomeFunctionality</h2><h3 id="m0">com.sevenrmartsupermarket.tests.HomeTest#verifyColorManageGift</h3><table class="result"><tr><th class="invisible"/></tr></table><p class="totop"><a href="#summary">back to summary</a></p>
<h3 id="m1">com.sevenrmartsupermarket.tests.HomeTest#verifyProfilePicture</h3><table class="result"><tr><th class="invisible"/></tr></table><p class="totop"><a href="#summary">back to summary</a></p>
<h2>SubCategoryFunctions</h2><h3 id="m2">com.sevenrmartsupermarket.tests.SubCategoryTest#verifyNewSubCategory</h3><table class="result"><tr><th>Exception</th></tr><tr><td><div class="stacktrace">org.openqa.selenium.NoSuchElementException: no such element: Unable to locate element: {&quot;method&quot;:&quot;xpath&quot;,&quot;selector&quot;:&quot;//div[@class=&apos;alert alert-success alert-dismissible&apos;]&quot;}
  (Session info: chrome=128.0.6613.138)
For documentation on this error, please visit: https://www.selenium.dev/documentation/webdriver/troubleshooting/errors#no-such-element-exception
Build info: version: &apos;4.10.0&apos;, revision: &apos;c14d967899&apos;
System info: os.name: &apos;Windows 11&apos;, os.arch: &apos;amd64&apos;, os.version: &apos;10.0&apos;, java.version: &apos;17.0.2&apos;
Driver info: org.openqa.selenium.chrome.ChromeDriver
Command: [dc773f041f806ad9d81935a257804032, findElement {using=xpath, value=//div[@class=&apos;alert alert-success alert-dismissible&apos;]}]
Capabilities {acceptInsecureCerts: false, browserName: chrome, browserVersion: 128.0.6613.138, chrome: {chromedriverVersion: 128.0.6613.137 (fe621c5aa2d..., userDataDir: C:\Users\Athira\AppData\Loc...}, fedcm:accounts: true, goog:chromeOptions: {debuggerAddress: localhost:59890}, networkConnectionEnabled: false, pageLoadStrategy: normal, platformName: windows, proxy: Proxy(), se:cdp: ws://localhost:59890/devtoo..., se:cdpVersion: 128.0.6613.138, setWindowRect: true, strictFileInteractability: false, timeouts: {implicit: 0, pageLoad: 300000, script: 30000}, unhandledPromptBehavior: dismiss and notify, webauthn:extension:credBlob: true, webauthn:extension:largeBlob: true, webauthn:extension:minPinLength: true, webauthn:extension:prf: true, webauthn:virtualAuthenticators: true}
Session ID: dc773f041f806ad9d81935a257804032
	at org.openqa.selenium.remote.codec.w3c.W3CHttpResponseCodec.createException(W3CHttpResponseCodec.java:199)
	at org.openqa.selenium.remote.codec.w3c.W3CHttpResponseCodec.decode(W3CHttpResponseCodec.java:132)
	at org.openqa.selenium.remote.codec.w3c.W3CHttpResponseCodec.decode(W3CHttpResponseCodec.java:51)
	at org.openqa.selenium.remote.HttpCommandExecutor.execute(HttpCommandExecutor.java:191)
	at org.openqa.selenium.remote.service.DriverCommandExecutor.invokeExecute(DriverCommandExecutor.java:196)
	at org.openqa.selenium.remote.service.DriverCommandExecutor.execute(DriverCommandExecutor.java:171)
	at org.openqa.selenium.remote.RemoteWebDriver.execute(RemoteWebDriver.java:531)
	at org.openqa.selenium.remote.ElementLocation$ElementFinder$2.findElement(ElementLocation.java:165)
	at org.openqa.selenium.remote.ElementLocation.findElement(ElementLocation.java:59)
	at org.openqa.selenium.remote.RemoteWebDriver.findElement(RemoteWebDriver.java:350)
	at org.openqa.selenium.remote.RemoteWebDriver.findElement(RemoteWebDriver.java:344)
	at org.openqa.selenium.support.pagefactory.DefaultElementLocator.findElement(DefaultElementLocator.java:68)
	at org.openqa.selenium.support.pagefactory.internal.LocatingElementHandler.invoke(LocatingElementHandler.java:38)
	at jdk.proxy2/jdk.proxy2.$Proxy16.getText(Unknown Source)
	at com.sevenrmartsupermarket.pages.SubCategoryPage.getAlertMessage(SubCategoryPage.java:98)
	at com.sevenrmartsupermarket.tests.SubCategoryTest.verifyNewSubCategory(SubCategoryTest.java:55)
	at java.base/java.util.ArrayList.forEach(ArrayList.java:1511)
	at java.base/java.util.concurrent.FutureTask.run(FutureTask.java:264)
	at java.base/java.util.concurrent.ThreadPoolExecutor.runWorker(ThreadPoolExecutor.java:1136)
	at java.base/java.util.concurrent.ThreadPoolExecutor$Worker.run(ThreadPoolExecutor.java:635)
	at java.base/java.lang.Thread.run(Thread.java:833)
... Removed 22 stack frames</div></td></tr></table><p class="totop"><a href="#summary">back to summary</a></p>
<h3 id="m3">com.sevenrmartsupermarket.tests.SubCategoryTest#verifyAllSubCategorynames</h3><table class="result"><tr><th class="invisible"/></tr></table><p class="totop"><a href="#summary">back to summary</a></p>
<h3 id="m4">com.sevenrmartsupermarket.tests.SubCategoryTest#verifyNewCategoryAddition</h3><table class="result"><tr><th class="invisible"/></tr></table><p class="totop"><a href="#summary">back to summary</a></p>
<h3 id="m5">com.sevenrmartsupermarket.tests.SubCategoryTest#verifySubCategoryHeader</h3><table class="result"><tr><th class="invisible"/></tr></table><p class="totop"><a href="#summary">back to summary</a></p>
<h2>loginDetails</h2><h3 id="m6">com.sevenrmartsupermarket.tests.LoginTest#verifyLogin</h3><table class="result"><tr><th>Exception</th></tr><tr><td><div class="stacktrace">org.openqa.selenium.NoSuchElementException: no such element: Unable to locate element: {&quot;method&quot;:&quot;xpath&quot;,&quot;selector&quot;:&quot;//input[@type=&apos;text&apos;]&quot;}
  (Session info: chrome=128.0.6613.138)
For documentation on this error, please visit: https://www.selenium.dev/documentation/webdriver/troubleshooting/errors#no-such-element-exception
Build info: version: &apos;4.10.0&apos;, revision: &apos;c14d967899&apos;
System info: os.name: &apos;Windows 11&apos;, os.arch: &apos;amd64&apos;, os.version: &apos;10.0&apos;, java.version: &apos;17.0.2&apos;
Driver info: org.openqa.selenium.chrome.ChromeDriver
Command: [cf022096918dadb71d4f5fbc1693da69, findElement {using=xpath, value=//input[@type=&apos;text&apos;]}]
Capabilities {acceptInsecureCerts: false, browserName: chrome, browserVersion: 128.0.6613.138, chrome: {chromedriverVersion: 128.0.6613.137 (fe621c5aa2d..., userDataDir: C:\Users\Athira\AppData\Loc...}, fedcm:accounts: true, goog:chromeOptions: {debuggerAddress: localhost:59798}, networkConnectionEnabled: false, pageLoadStrategy: normal, platformName: windows, proxy: Proxy(), se:cdp: ws://localhost:59798/devtoo..., se:cdpVersion: 128.0.6613.138, setWindowRect: true, strictFileInteractability: false, timeouts: {implicit: 0, pageLoad: 300000, script: 30000}, unhandledPromptBehavior: dismiss and notify, webauthn:extension:credBlob: true, webauthn:extension:largeBlob: true, webauthn:extension:minPinLength: true, webauthn:extension:prf: true, webauthn:virtualAuthenticators: true}
Session ID: cf022096918dadb71d4f5fbc1693da69
	at org.openqa.selenium.remote.codec.w3c.W3CHttpResponseCodec.createException(W3CHttpResponseCodec.java:199)
	at org.openqa.selenium.remote.codec.w3c.W3CHttpResponseCodec.decode(W3CHttpResponseCodec.java:132)
	at org.openqa.selenium.remote.codec.w3c.W3CHttpResponseCodec.decode(W3CHttpResponseCodec.java:51)
	at org.openqa.selenium.remote.HttpCommandExecutor.execute(HttpCommandExecutor.java:191)
	at org.openqa.selenium.remote.service.DriverCommandExecutor.invokeExecute(DriverCommandExecutor.java:196)
	at org.openqa.selenium.remote.service.DriverCommandExecutor.execute(DriverCommandExecutor.java:171)
	at org.openqa.selenium.remote.RemoteWebDriver.execute(RemoteWebDriver.java:531)
	at org.openqa.selenium.remote.ElementLocation$ElementFinder$2.findElement(ElementLocation.java:165)
	at org.openqa.selenium.remote.ElementLocation.findElement(ElementLocation.java:59)
	at org.openqa.selenium.remote.RemoteWebDriver.findElement(RemoteWebDriver.java:350)
	at org.openqa.selenium.remote.RemoteWebDriver.findElement(RemoteWebDriver.java:344)
	at org.openqa.selenium.support.pagefactory.DefaultElementLocator.findElement(DefaultElementLocator.java:68)
	at org.openqa.selenium.support.pagefactory.internal.LocatingElementHandler.invoke(LocatingElementHandler.java:38)
	at jdk.proxy2/jdk.proxy2.$Proxy16.sendKeys(Unknown Source)
	at com.sevenrmartsupermarket.pages.LoginPage.enterUserName(LoginPage.java:44)
	at com.sevenrmartsupermarket.pages.LoginPage.login(LoginPage.java:70)
	at com.sevenrmartsupermarket.tests.LoginTest.verifyLogin(LoginTest.java:23)
	at java.base/java.util.ArrayList.forEach(ArrayList.java:1511)
	at java.base/java.util.concurrent.FutureTask.run(FutureTask.java:264)
	at java.base/java.util.concurrent.ThreadPoolExecutor.runWorker(ThreadPoolExecutor.java:1136)
	at java.base/java.util.concurrent.ThreadPoolExecutor$Worker.run(ThreadPoolExecutor.java:635)
	at java.base/java.lang.Thread.run(Thread.java:833)
... Removed 22 stack frames</div></td></tr></table><p class="totop"><a href="#summary">back to summary</a></p>
<h3 id="m7">com.sevenrmartsupermarket.tests.LoginTest#verifyLoginDataProvider</h3><table class="result"><tr class="param"><th>Parameter #1</th><th>Parameter #2</th></tr><tr class="param stripe"><td>TESTNG12</td><td>abcd</td></tr></table><p class="totop"><a href="#summary">back to summary</a></p>
<h3 id="m8">com.sevenrmartsupermarket.tests.LoginTest#verifyLoginDataProvider</h3><table class="result"><tr class="param"><th>Parameter #1</th><th>Parameter #2</th></tr><tr class="param stripe"><td>Athira</td><td>athiravj</td></tr></table><p class="totop"><a href="#summary">back to summary</a></p>
<h3 id="m9">com.sevenrmartsupermarket.tests.LoginTest#verifyLoginDataProvider</h3><table class="result"><tr class="param"><th>Parameter #1</th><th>Parameter #2</th></tr><tr class="param stripe"><td>admin</td><td>admin</td></tr></table><p class="totop"><a href="#summary">back to summary</a></p>
<h3 id="m10">com.sevenrmartsupermarket.tests.LoginTest#verifyLoginDataProvider</h3><table class="result"><tr class="param"><th>Parameter #1</th><th>Parameter #2</th></tr><tr class="param stripe"><td>Abhiram</td><td>Abhiram@11</td></tr></table><p class="totop"><a href="#summary">back to summary</a></p>
</body>
</html>
